    1                        Прогр Электросушилка {
    2          /* Стенд #1 Автоматизированная электросушилка
    3          Внимание! Период активизации гиперпроцесса равен 100 миллисекундам */
    4          
    5          КОНСТ ВКЛ                1;
    6          КОНСТ ВЫКЛ               0;
    7          
    8          ВХОД  ЛОГ_ВХОДЫ1  0 0 8; /* имя, базовый адрес, доп. адр. порта, 8бит */
    9          ВХОД  ЛОГ_ВХОДЫ2  1 0 8; /* имя, базовый адрес, доп. адр. порта, 8бит */
   10          ВЫХОД ЛОГ_ВЫХОДЫ1 0 0 8;
   11          ВЫХОД ЛОГ_ВЫХОДЫ2 1 0 8;
   12          
   13          ПРОЦ Инициализация{
   14          
   15          /* ВХОДНЫЕ СИГНАЛЫ: */
   16           ЛОГ К_РУКИ_ПОД_СУШИЛКОЙ    = {ЛОГ_ВХОДЫ1[1]} ДЛЯ ВСЕХ;
   17          
   18          
   19          /* ВЫХОДНЫЕ СИГНАЛЫ (т.к. привязаны к модулю выходов): */ 
   20           ЛОГ У_ВКЛ_СУШИЛКУ = {ЛОГ_ВЫХОДЫ1[1]} ДЛЯ ВСЕХ;
   21          
   22          
   23          /*########  СОСТОЯНИЯ ПРОЦЕССА  #########*/
   24           СОСТ Начало{  /* NB: 1-е f-сост. 1-го проц. - активно по включению питания */
   25            ЕСЛИ (К_РУКИ_ПОД_СУШИЛКОЙ == ВКЛ) { 
   26               У_ВКЛ_СУШИЛКУ = ВКЛ;
   27               В СЛЕДУЮЩЕЕ;
   28            } ИНАЧЕ У_ВКЛ_СУШИЛКУ = ВЫКЛ;
   29            
   30           }
   31           СОСТ Сушка{  
   32            ЕСЛИ (К_РУКИ_ПОД_СУШИЛКОЙ == ВКЛ) В СОСТ Сушка;
   33            ТАЙМАУТ 12 В СОСТ Начало; 
   34           }
   35          } /* \ПРОЦ */
   36          
   37          }  /* \Прогр */

%RCSL-I-SUMMARY, Completed with 0 error(s).
%RCSL-I-SUMMARY, Completed with 0 warning(s).

 %RCSL-I-SUMMARY, Completed with 0 error(s).