c:\users\hp\documents\nsu\diploma work\aspirantura\nonius\reflextoc for development\reflextoc\release\subl86.obj
c:\users\hp\documents\nsu\diploma work\aspirantura\nonius\reflextoc for development\reflextoc\release\strl86.obj
c:\users\hp\documents\nsu\diploma work\aspirantura\nonius\reflextoc for development\reflextoc\release\sinl86.obj
c:\users\hp\documents\nsu\diploma work\aspirantura\nonius\reflextoc for development\reflextoc\release\seml86.obj
c:\users\hp\documents\nsu\diploma work\aspirantura\nonius\reflextoc for development\reflextoc\release\rcsl86.obj
c:\users\hp\documents\nsu\diploma work\aspirantura\nonius\reflextoc for development\reflextoc\release\vc100.pdb
c:\users\hp\documents\nsu\diploma work\aspirantura\nonius\reflextoc for development\release\reflextoc.exe
c:\users\hp\documents\nsu\diploma work\aspirantura\nonius\reflextoc for development\reflextoc\release\reflextoc.exe.intermediate.manifest
c:\users\hp\documents\nsu\diploma work\aspirantura\nonius\reflextoc for development\release\reflextoc.pdb
c:\nonius\reflex\reflextoc for development\reflextoc\release\vc120.pdb
c:\nonius\reflex\reflextoc for development\reflextoc\release\subl86.obj
c:\nonius\reflex\reflextoc for development\reflextoc\release\strl86.obj
c:\nonius\reflex\reflextoc for development\reflextoc\release\sinl86.obj
c:\nonius\reflex\reflextoc for development\reflextoc\release\seml86.obj
c:\nonius\reflex\reflextoc for development\reflextoc\release\rcsl86.obj
c:\nonius\reflex\reflextoc for development\release\reflextoc.exe
c:\nonius\reflex\reflextoc for development\release\reflextoc.pdb
d:\liakh tanya\dissertation\complex\reflex2c compilation\reflextoc nonius\reflextoc\release\reflextoc.vcxprojresolveassemblyreference.cache
d:\liakh tanya\dissertation\complex\reflex2c compilation\reflextoc nonius\reflextoc\release\rcsl86.obj
d:\liakh tanya\dissertation\complex\reflex2c compilation\reflextoc nonius\reflextoc\release\seml86.obj
d:\liakh tanya\dissertation\complex\reflex2c compilation\reflextoc nonius\reflextoc\release\sinl86.obj
d:\liakh tanya\dissertation\complex\reflex2c compilation\reflextoc nonius\reflextoc\release\strl86.obj
d:\liakh tanya\dissertation\complex\reflex2c compilation\reflextoc nonius\reflextoc\release\subl86.obj
d:\liakh tanya\dissertation\complex\reflex2c compilation\reflextoc nonius\reflextoc\release\cl.command.1.tlog
d:\liakh tanya\dissertation\complex\reflex2c compilation\reflextoc nonius\reflextoc\release\cl.read.1.tlog
d:\liakh tanya\dissertation\complex\reflex2c compilation\reflextoc nonius\reflextoc\release\cl.write.1.tlog
d:\liakh tanya\dissertation\complex\reflex2c compilation\reflextoc nonius\reflextoc\release\link.command.1.tlog
d:\liakh tanya\dissertation\complex\reflex2c compilation\reflextoc nonius\reflextoc\release\link.read.1.tlog
d:\liakh tanya\dissertation\complex\reflex2c compilation\reflextoc nonius\reflextoc\release\link.write.1.tlog
d:\liakh tanya\dissertation\complex\reflex2c compilation\reflextoc nonius\reflextoc\release\mt.command.1.tlog
d:\liakh tanya\dissertation\complex\reflex2c compilation\reflextoc nonius\reflextoc\release\mt.read.1.tlog
d:\liakh tanya\dissertation\complex\reflex2c compilation\reflextoc nonius\reflextoc\release\mt.write.1.tlog
d:\liakh tanya\dissertation\complex\reflex2c compilation\reflextoc nonius\reflextoc\release\reflextoc.write.1.tlog
d:\liakh tanya\dissertation\complex\reflex2c compilation\reflextoc nonius\reflextoc\release\reflextoc.exe.intermediate.manifest
d:\liakh tanya\dissertation\complex\reflex2c compilation\reflextoc nonius\reflextoc\release\vc100.pdb
d:\liakh tanya\dissertation\complex\reflex2c compilation\reflextoc nonius\reflextoc\release\vc120.pdb
d:\liakh tanya\dissertation\complex\reflex2c compilation\reflextoc nonius\release\reflextoc.pdb
d:\liakh tanya\dissertation\complex\reflex2c compilation\reflextoc nonius\release\reflextoc.exe
d:\liakh tanya\dissertation\complex\reflex2c compilation\reflextoc nonius\reflextoc\release\reflextoc.tlog\cl.command.1.tlog
d:\liakh tanya\dissertation\complex\reflex2c compilation\reflextoc nonius\reflextoc\release\reflextoc.tlog\cl.read.1.tlog
d:\liakh tanya\dissertation\complex\reflex2c compilation\reflextoc nonius\reflextoc\release\reflextoc.tlog\cl.write.1.tlog
d:\liakh tanya\dissertation\complex\reflex2c compilation\reflextoc nonius\reflextoc\release\reflextoc.tlog\link.command.1.tlog
d:\liakh tanya\dissertation\complex\reflex2c compilation\reflextoc nonius\reflextoc\release\reflextoc.tlog\link.read.1.tlog
d:\liakh tanya\dissertation\complex\reflex2c compilation\reflextoc nonius\reflextoc\release\reflextoc.tlog\link.write.1.tlog
