C:\Users\HP\Documents\NSU\DIPLOMA WORK\Aspirantura\VS Projects\Компиляторы Reflex to C\R2C_initial - копия\R2C_initial\Release\cl.command.1.tlog
C:\Users\HP\Documents\NSU\DIPLOMA WORK\Aspirantura\VS Projects\Компиляторы Reflex to C\R2C_initial - копия\R2C_initial\Release\CL.read.1.tlog
C:\Users\HP\Documents\NSU\DIPLOMA WORK\Aspirantura\VS Projects\Компиляторы Reflex to C\R2C_initial - копия\R2C_initial\Release\CL.write.1.tlog
C:\Users\HP\Documents\NSU\DIPLOMA WORK\Aspirantura\VS Projects\Компиляторы Reflex to C\R2C_initial - копия\R2C_initial\Release\link.command.1.tlog
C:\Users\HP\Documents\NSU\DIPLOMA WORK\Aspirantura\VS Projects\Компиляторы Reflex to C\R2C_initial - копия\R2C_initial\Release\link.read.1.tlog
C:\Users\HP\Documents\NSU\DIPLOMA WORK\Aspirantura\VS Projects\Компиляторы Reflex to C\R2C_initial - копия\R2C_initial\Release\link.write.1.tlog
C:\Users\HP\Documents\NSU\DIPLOMA WORK\Aspirantura\VS Projects\Компиляторы Reflex to C\R2C_initial - копия\R2C_initial\Release\mt.command.1.tlog
C:\Users\HP\Documents\NSU\DIPLOMA WORK\Aspirantura\VS Projects\Компиляторы Reflex to C\R2C_initial - копия\R2C_initial\Release\mt.read.1.tlog
C:\Users\HP\Documents\NSU\DIPLOMA WORK\Aspirantura\VS Projects\Компиляторы Reflex to C\R2C_initial - копия\R2C_initial\Release\mt.write.1.tlog
C:\USERS\HP\DOCUMENTS\NSU\DIPLOMA WORK\ASPIRANTURA\VS PROJECTS\Компиляторы REFLEX TO C\R2C_INITIAL - копия\R2C_INITIAL\RELEASE\R2C_INITIAL.EXE.INTERMEDIATE.MANIFEST
C:\Users\HP\Documents\NSU\DIPLOMA WORK\Aspirantura\VS Projects\Компиляторы Reflex to C\R2C_initial - копия\R2C_initial\Release\R2C_initial.vcxprojResolveAssemblyReference.cache
C:\Users\HP\Documents\NSU\DIPLOMA WORK\Aspirantura\VS Projects\Компиляторы Reflex to C\R2C_initial - копия\R2C_initial\Release\R2C_initial.write.1.tlog
C:\USERS\HP\DOCUMENTS\NSU\DIPLOMA WORK\ASPIRANTURA\VS PROJECTS\Компиляторы REFLEX TO C\R2C_INITIAL - копия\R2C_INITIAL\RELEASE\RCSL86.OBJ
C:\USERS\HP\DOCUMENTS\NSU\DIPLOMA WORK\ASPIRANTURA\VS PROJECTS\Компиляторы REFLEX TO C\R2C_INITIAL - копия\R2C_INITIAL\RELEASE\SEML86.OBJ
C:\USERS\HP\DOCUMENTS\NSU\DIPLOMA WORK\ASPIRANTURA\VS PROJECTS\Компиляторы REFLEX TO C\R2C_INITIAL - копия\R2C_INITIAL\RELEASE\SINL86.OBJ
C:\USERS\HP\DOCUMENTS\NSU\DIPLOMA WORK\ASPIRANTURA\VS PROJECTS\Компиляторы REFLEX TO C\R2C_INITIAL - копия\R2C_INITIAL\RELEASE\STRL86.OBJ
C:\USERS\HP\DOCUMENTS\NSU\DIPLOMA WORK\ASPIRANTURA\VS PROJECTS\Компиляторы REFLEX TO C\R2C_INITIAL - копия\R2C_INITIAL\RELEASE\SUBL86.OBJ
C:\USERS\HP\DOCUMENTS\NSU\DIPLOMA WORK\ASPIRANTURA\VS PROJECTS\КОМПИЛЯТОРЫ REFLEX TO C\R2C_INITIAL - КОПИЯ\R2C_INITIAL\RELEASE\VC100.PDB
C:\USERS\HP\DOCUMENTS\NSU\DIPLOMA WORK\ASPIRANTURA\VS PROJECTS\Компиляторы REFLEX TO C\R2C_INITIAL - копия\RELEASE\R2C_INITIAL.EXE
C:\USERS\HP\DOCUMENTS\NSU\DIPLOMA WORK\ASPIRANTURA\VS PROJECTS\КОМПИЛЯТОРЫ REFLEX TO C\R2C_INITIAL - КОПИЯ\RELEASE\R2C_INITIAL.PDB
