C:\USERS\HP\DOCUMENTS\NSU\DIPLOMA WORK\ASPIRANTURA\VS PROJECTS\Компиляторы REFLEX TO C\REFLEXTOC FOR DEVELOPMENT\COMPILER REPOSITORY\DEBUG\REFLEXTOC.EXE
C:\USERS\HP\DOCUMENTS\NSU\DIPLOMA WORK\ASPIRANTURA\VS PROJECTS\Компиляторы REFLEX TO C\REFLEXTOC FOR DEVELOPMENT\COMPILER REPOSITORY\DEBUG\REFLEXTOC.ILK
C:\USERS\HP\DOCUMENTS\NSU\DIPLOMA WORK\ASPIRANTURA\VS PROJECTS\КОМПИЛЯТОРЫ REFLEX TO C\REFLEXTOC FOR DEVELOPMENT\COMPILER REPOSITORY\DEBUG\REFLEXTOC.PDB
C:\Users\HP\Documents\NSU\DIPLOMA WORK\Aspirantura\VS Projects\Компиляторы Reflex to C\ReflexToC for development\Compiler Repository\ReflexToC\Debug\cl.command.1.tlog
C:\Users\HP\Documents\NSU\DIPLOMA WORK\Aspirantura\VS Projects\Компиляторы Reflex to C\ReflexToC for development\Compiler Repository\ReflexToC\Debug\CL.read.1.tlog
C:\Users\HP\Documents\NSU\DIPLOMA WORK\Aspirantura\VS Projects\Компиляторы Reflex to C\ReflexToC for development\Compiler Repository\ReflexToC\Debug\CL.write.1.tlog
C:\Users\HP\Documents\NSU\DIPLOMA WORK\Aspirantura\VS Projects\Компиляторы Reflex to C\ReflexToC for development\Compiler Repository\ReflexToC\Debug\link.command.1.tlog
C:\Users\HP\Documents\NSU\DIPLOMA WORK\Aspirantura\VS Projects\Компиляторы Reflex to C\ReflexToC for development\Compiler Repository\ReflexToC\Debug\link.read.1.tlog
C:\Users\HP\Documents\NSU\DIPLOMA WORK\Aspirantura\VS Projects\Компиляторы Reflex to C\ReflexToC for development\Compiler Repository\ReflexToC\Debug\link.write.1.tlog
C:\Users\HP\Documents\NSU\DIPLOMA WORK\Aspirantura\VS Projects\Компиляторы Reflex to C\ReflexToC for development\Compiler Repository\ReflexToC\Debug\mt.command.1.tlog
C:\Users\HP\Documents\NSU\DIPLOMA WORK\Aspirantura\VS Projects\Компиляторы Reflex to C\ReflexToC for development\Compiler Repository\ReflexToC\Debug\mt.read.1.tlog
C:\Users\HP\Documents\NSU\DIPLOMA WORK\Aspirantura\VS Projects\Компиляторы Reflex to C\ReflexToC for development\Compiler Repository\ReflexToC\Debug\mt.write.1.tlog
C:\USERS\HP\DOCUMENTS\NSU\DIPLOMA WORK\ASPIRANTURA\VS PROJECTS\Компиляторы REFLEX TO C\REFLEXTOC FOR DEVELOPMENT\COMPILER REPOSITORY\REFLEXTOC\DEBUG\RCSL86.OBJ
C:\USERS\HP\DOCUMENTS\NSU\DIPLOMA WORK\ASPIRANTURA\VS PROJECTS\Компиляторы REFLEX TO C\REFLEXTOC FOR DEVELOPMENT\COMPILER REPOSITORY\REFLEXTOC\DEBUG\REFLEXTOC.EXE.INTERMEDIATE.MANIFEST
C:\Users\HP\Documents\NSU\DIPLOMA WORK\Aspirantura\VS Projects\Компиляторы Reflex to C\ReflexToC for development\Compiler Repository\ReflexToC\Debug\ReflexToC.vcxprojResolveAssemblyReference.cache
C:\Users\HP\Documents\NSU\DIPLOMA WORK\Aspirantura\VS Projects\Компиляторы Reflex to C\ReflexToC for development\Compiler Repository\ReflexToC\Debug\ReflexToC.write.1.tlog
C:\USERS\HP\DOCUMENTS\NSU\DIPLOMA WORK\ASPIRANTURA\VS PROJECTS\Компиляторы REFLEX TO C\REFLEXTOC FOR DEVELOPMENT\COMPILER REPOSITORY\REFLEXTOC\DEBUG\SEML86.OBJ
C:\USERS\HP\DOCUMENTS\NSU\DIPLOMA WORK\ASPIRANTURA\VS PROJECTS\Компиляторы REFLEX TO C\REFLEXTOC FOR DEVELOPMENT\COMPILER REPOSITORY\REFLEXTOC\DEBUG\SINL86.OBJ
C:\USERS\HP\DOCUMENTS\NSU\DIPLOMA WORK\ASPIRANTURA\VS PROJECTS\Компиляторы REFLEX TO C\REFLEXTOC FOR DEVELOPMENT\COMPILER REPOSITORY\REFLEXTOC\DEBUG\STRL86.OBJ
C:\USERS\HP\DOCUMENTS\NSU\DIPLOMA WORK\ASPIRANTURA\VS PROJECTS\Компиляторы REFLEX TO C\REFLEXTOC FOR DEVELOPMENT\COMPILER REPOSITORY\REFLEXTOC\DEBUG\SUBL86.OBJ
C:\Users\HP\Documents\NSU\DIPLOMA WORK\Aspirantura\VS Projects\Компиляторы Reflex to C\ReflexToC for development\Compiler Repository\ReflexToC\Debug\vc100.idb
C:\USERS\HP\DOCUMENTS\NSU\DIPLOMA WORK\ASPIRANTURA\VS PROJECTS\КОМПИЛЯТОРЫ REFLEX TO C\REFLEXTOC FOR DEVELOPMENT\COMPILER REPOSITORY\REFLEXTOC\DEBUG\VC100.PDB
