C:\USERS\HP\DOCUMENTS\NSU\DIPLOMA WORK\ASPIRANTURA\ASU BSVT\BSVT_REFLEX\BSVT_DLL\RELEASE\BSVT.DLL
C:\Users\HP\Documents\NSU\DIPLOMA WORK\Aspirantura\ASU BSVT\bsvt_REFLEX\bsvt_dll\Release\bsvt.exp
C:\Users\HP\Documents\NSU\DIPLOMA WORK\Aspirantura\ASU BSVT\bsvt_REFLEX\bsvt_dll\Release\bsvt.lib
C:\USERS\HP\DOCUMENTS\NSU\DIPLOMA WORK\ASPIRANTURA\ASU BSVT\BSVT_REFLEX\BSVT_DLL\RELEASE\BSVT.PDB
C:\USERS\HP\DOCUMENTS\NSU\DIPLOMA WORK\ASPIRANTURA\ASU BSVT\BSVT_REFLEX\BSVT_DLL\SANDBOX\RELEASE\BSVT.DLL.INTERMEDIATE.MANIFEST
C:\Users\HP\Documents\NSU\DIPLOMA WORK\Aspirantura\ASU BSVT\bsvt_REFLEX\bsvt_dll\SandBox\Release\bsvt.write.1.tlog
C:\USERS\HP\DOCUMENTS\NSU\DIPLOMA WORK\ASPIRANTURA\ASU BSVT\BSVT_REFLEX\BSVT_DLL\SANDBOX\RELEASE\BSVT0001.OBJ
C:\USERS\HP\DOCUMENTS\NSU\DIPLOMA WORK\ASPIRANTURA\ASU BSVT\BSVT_REFLEX\BSVT_DLL\SANDBOX\RELEASE\BSVTINP.OBJ
C:\USERS\HP\DOCUMENTS\NSU\DIPLOMA WORK\ASPIRANTURA\ASU BSVT\BSVT_REFLEX\BSVT_DLL\SANDBOX\RELEASE\BSVTMAIN.OBJ
C:\USERS\HP\DOCUMENTS\NSU\DIPLOMA WORK\ASPIRANTURA\ASU BSVT\BSVT_REFLEX\BSVT_DLL\SANDBOX\RELEASE\BSVTOUTP.OBJ
C:\USERS\HP\DOCUMENTS\NSU\DIPLOMA WORK\ASPIRANTURA\ASU BSVT\BSVT_REFLEX\BSVT_DLL\SANDBOX\RELEASE\BSVTUSR1.OBJ
C:\Users\HP\Documents\NSU\DIPLOMA WORK\Aspirantura\ASU BSVT\bsvt_REFLEX\bsvt_dll\SandBox\Release\cl.command.1.tlog
C:\Users\HP\Documents\NSU\DIPLOMA WORK\Aspirantura\ASU BSVT\bsvt_REFLEX\bsvt_dll\SandBox\Release\CL.read.1.tlog
C:\Users\HP\Documents\NSU\DIPLOMA WORK\Aspirantura\ASU BSVT\bsvt_REFLEX\bsvt_dll\SandBox\Release\CL.write.1.tlog
C:\USERS\HP\DOCUMENTS\NSU\DIPLOMA WORK\ASPIRANTURA\ASU BSVT\BSVT_REFLEX\BSVT_DLL\SANDBOX\RELEASE\DLL_INTERFACE.OBJ
C:\Users\HP\Documents\NSU\DIPLOMA WORK\Aspirantura\ASU BSVT\bsvt_REFLEX\bsvt_dll\SandBox\Release\link.command.1.tlog
C:\Users\HP\Documents\NSU\DIPLOMA WORK\Aspirantura\ASU BSVT\bsvt_REFLEX\bsvt_dll\SandBox\Release\link.read.1.tlog
C:\Users\HP\Documents\NSU\DIPLOMA WORK\Aspirantura\ASU BSVT\bsvt_REFLEX\bsvt_dll\SandBox\Release\link.write.1.tlog
C:\USERS\HP\DOCUMENTS\NSU\DIPLOMA WORK\ASPIRANTURA\ASU BSVT\BSVT_REFLEX\BSVT_DLL\SANDBOX\RELEASE\MSG_QUEUE.OBJ
C:\Users\HP\Documents\NSU\DIPLOMA WORK\Aspirantura\ASU BSVT\bsvt_REFLEX\bsvt_dll\SandBox\Release\mt.command.1.tlog
C:\Users\HP\Documents\NSU\DIPLOMA WORK\Aspirantura\ASU BSVT\bsvt_REFLEX\bsvt_dll\SandBox\Release\mt.read.1.tlog
C:\Users\HP\Documents\NSU\DIPLOMA WORK\Aspirantura\ASU BSVT\bsvt_REFLEX\bsvt_dll\SandBox\Release\mt.write.1.tlog
C:\USERS\HP\DOCUMENTS\NSU\DIPLOMA WORK\ASPIRANTURA\ASU BSVT\BSVT_REFLEX\BSVT_DLL\SANDBOX\RELEASE\R_IO.OBJ
C:\USERS\HP\DOCUMENTS\NSU\DIPLOMA WORK\ASPIRANTURA\ASU BSVT\BSVT_REFLEX\BSVT_DLL\SANDBOX\RELEASE\R_LIB.OBJ
C:\Users\HP\Documents\NSU\DIPLOMA WORK\Aspirantura\ASU BSVT\bsvt_REFLEX\bsvt_dll\SandBox\Release\SandBox.vcxprojResolveAssemblyReference.cache
C:\USERS\HP\DOCUMENTS\NSU\DIPLOMA WORK\ASPIRANTURA\ASU BSVT\BSVT_REFLEX\BSVT_DLL\SANDBOX\RELEASE\VC100.PDB
