c:\users\hp\documents\nsu\diploma work\aspirantura\asu bsvt\bsvt_reflex\bsvt_dll\release\bsvt.lib
c:\users\hp\documents\nsu\diploma work\aspirantura\asu bsvt\bsvt_reflex\bsvt_dll\release\bsvt.exp
c:\users\hp\documents\nsu\diploma work\aspirantura\asu bsvt\bsvt_reflex\bsvt_dll\sandbox\release\r_lib.obj
c:\users\hp\documents\nsu\diploma work\aspirantura\asu bsvt\bsvt_reflex\bsvt_dll\sandbox\release\r_io.obj
c:\users\hp\documents\nsu\diploma work\aspirantura\asu bsvt\bsvt_reflex\bsvt_dll\sandbox\release\msg_queue.obj
c:\users\hp\documents\nsu\diploma work\aspirantura\asu bsvt\bsvt_reflex\bsvt_dll\sandbox\release\dll_interface.obj
c:\users\hp\documents\nsu\diploma work\aspirantura\asu bsvt\bsvt_reflex\bsvt_dll\sandbox\release\bsvtusr1.obj
c:\users\hp\documents\nsu\diploma work\aspirantura\asu bsvt\bsvt_reflex\bsvt_dll\sandbox\release\bsvtoutp.obj
c:\users\hp\documents\nsu\diploma work\aspirantura\asu bsvt\bsvt_reflex\bsvt_dll\sandbox\release\bsvtmain.obj
c:\users\hp\documents\nsu\diploma work\aspirantura\asu bsvt\bsvt_reflex\bsvt_dll\sandbox\release\bsvtinp.obj
c:\users\hp\documents\nsu\diploma work\aspirantura\asu bsvt\bsvt_reflex\bsvt_dll\sandbox\release\bsvt0001.obj
c:\users\hp\documents\nsu\diploma work\aspirantura\asu bsvt\bsvt_reflex\bsvt_dll\sandbox\release\vc100.pdb
c:\users\hp\documents\nsu\diploma work\aspirantura\asu bsvt\bsvt_reflex\bsvt_dll\release\bsvt.dll
c:\users\hp\documents\nsu\diploma work\aspirantura\asu bsvt\bsvt_reflex\bsvt_dll\sandbox\release\bsvt.dll.intermediate.manifest
c:\users\hp\documents\nsu\diploma work\aspirantura\asu bsvt\bsvt_reflex\bsvt_dll\release\bsvt.pdb
d:\liakh tanya\dissertation\complex\dll-s\bsvt_dll\sandbox\release\sandbox.vcxprojresolveassemblyreference (1).cache
d:\liakh tanya\dissertation\complex\dll-s\bsvt_dll\sandbox\release\sandbox.vcxprojresolveassemblyreference (2).cache
d:\liakh tanya\dissertation\complex\dll-s\bsvt_dll\sandbox\release\sandbox.vcxprojresolveassemblyreference.cache
d:\liakh tanya\dissertation\complex\dll-s\bsvt_dll\sandbox\release\bsvt.write.1 (1).tlog
d:\liakh tanya\dissertation\complex\dll-s\bsvt_dll\sandbox\release\bsvt.write.1 (2).tlog
d:\liakh tanya\dissertation\complex\dll-s\bsvt_dll\sandbox\release\bsvt.write.1.tlog
d:\liakh tanya\dissertation\complex\dll-s\bsvt_dll\sandbox\release\cl.command.1 (1).tlog
d:\liakh tanya\dissertation\complex\dll-s\bsvt_dll\sandbox\release\cl.command.1 (2).tlog
d:\liakh tanya\dissertation\complex\dll-s\bsvt_dll\sandbox\release\cl.command.1.tlog
d:\liakh tanya\dissertation\complex\dll-s\bsvt_dll\sandbox\release\cl.read.1 (1).tlog
d:\liakh tanya\dissertation\complex\dll-s\bsvt_dll\sandbox\release\cl.read.1 (2).tlog
d:\liakh tanya\dissertation\complex\dll-s\bsvt_dll\sandbox\release\cl.read.1.tlog
d:\liakh tanya\dissertation\complex\dll-s\bsvt_dll\sandbox\release\cl.write.1 (1).tlog
d:\liakh tanya\dissertation\complex\dll-s\bsvt_dll\sandbox\release\cl.write.1 (2).tlog
d:\liakh tanya\dissertation\complex\dll-s\bsvt_dll\sandbox\release\cl.write.1.tlog
d:\liakh tanya\dissertation\complex\dll-s\bsvt_dll\sandbox\release\link.command.1 (1).tlog
d:\liakh tanya\dissertation\complex\dll-s\bsvt_dll\sandbox\release\link.command.1 (2).tlog
d:\liakh tanya\dissertation\complex\dll-s\bsvt_dll\sandbox\release\link.command.1.tlog
d:\liakh tanya\dissertation\complex\dll-s\bsvt_dll\sandbox\release\link.read.1 (1).tlog
d:\liakh tanya\dissertation\complex\dll-s\bsvt_dll\sandbox\release\link.read.1 (2).tlog
d:\liakh tanya\dissertation\complex\dll-s\bsvt_dll\sandbox\release\link.read.1.tlog
d:\liakh tanya\dissertation\complex\dll-s\bsvt_dll\sandbox\release\link.write.1 (1).tlog
d:\liakh tanya\dissertation\complex\dll-s\bsvt_dll\sandbox\release\link.write.1 (2).tlog
d:\liakh tanya\dissertation\complex\dll-s\bsvt_dll\sandbox\release\link.write.1.tlog
d:\liakh tanya\dissertation\complex\dll-s\bsvt_dll\sandbox\release\mt.command.1 (1).tlog
d:\liakh tanya\dissertation\complex\dll-s\bsvt_dll\sandbox\release\mt.command.1 (2).tlog
d:\liakh tanya\dissertation\complex\dll-s\bsvt_dll\sandbox\release\mt.command.1.tlog
d:\liakh tanya\dissertation\complex\dll-s\bsvt_dll\sandbox\release\mt.read.1 (1).tlog
d:\liakh tanya\dissertation\complex\dll-s\bsvt_dll\sandbox\release\mt.read.1 (2).tlog
d:\liakh tanya\dissertation\complex\dll-s\bsvt_dll\sandbox\release\mt.read.1.tlog
d:\liakh tanya\dissertation\complex\dll-s\bsvt_dll\sandbox\release\mt.write.1 (1).tlog
d:\liakh tanya\dissertation\complex\dll-s\bsvt_dll\sandbox\release\mt.write.1 (2).tlog
d:\liakh tanya\dissertation\complex\dll-s\bsvt_dll\sandbox\release\mt.write.1.tlog
d:\liakh tanya\dissertation\complex\dll-s\bsvt_dll\release\bsvt.dll
