c:\users\hp\documents\nsu\diploma work\aspirantura\vs projects\компиляторы reflex to c\r2c_initial - копия\r2c_initial\debug\rcsl86.obj
c:\users\hp\documents\nsu\diploma work\aspirantura\vs projects\компиляторы reflex to c\r2c_initial - копия\r2c_initial\debug\seml86.obj
c:\users\hp\documents\nsu\diploma work\aspirantura\vs projects\компиляторы reflex to c\r2c_initial - копия\r2c_initial\debug\sinl86.obj
c:\users\hp\documents\nsu\diploma work\aspirantura\vs projects\компиляторы reflex to c\r2c_initial - копия\r2c_initial\debug\strl86.obj
c:\users\hp\documents\nsu\diploma work\aspirantura\vs projects\компиляторы reflex to c\r2c_initial - копия\r2c_initial\debug\subl86.obj
c:\users\hp\documents\nsu\diploma work\aspirantura\vs projects\компиляторы reflex to c\r2c_initial - копия\r2c_initial\debug\vc100.pdb
c:\users\hp\documents\nsu\diploma work\aspirantura\vs projects\компиляторы reflex to c\r2c_initial - копия\debug\r2c_initial.ilk
c:\users\hp\documents\nsu\diploma work\aspirantura\vs projects\компиляторы reflex to c\r2c_initial - копия\debug\r2c_initial.exe
c:\users\hp\documents\nsu\diploma work\aspirantura\vs projects\компиляторы reflex to c\r2c_initial - копия\r2c_initial\debug\r2c_initial.exe.intermediate.manifest
c:\users\hp\documents\nsu\diploma work\aspirantura\vs projects\компиляторы reflex to c\r2c_initial - копия\debug\r2c_initial.pdb
d:\liakh tanya\dissertation\complex\reflex2c compilation\компиляторы reflex to c\old versions\r2c_initial - копия\r2c_initial\debug\r2c_initial.vcxprojresolveassemblyreference.cache
d:\liakh tanya\dissertation\complex\reflex2c compilation\компиляторы reflex to c\old versions\r2c_initial - копия\r2c_initial\debug\rcsl86.obj
d:\liakh tanya\dissertation\complex\reflex2c compilation\компиляторы reflex to c\old versions\r2c_initial - копия\r2c_initial\debug\seml86.obj
d:\liakh tanya\dissertation\complex\reflex2c compilation\компиляторы reflex to c\old versions\r2c_initial - копия\r2c_initial\debug\sinl86.obj
d:\liakh tanya\dissertation\complex\reflex2c compilation\компиляторы reflex to c\old versions\r2c_initial - копия\r2c_initial\debug\strl86.obj
d:\liakh tanya\dissertation\complex\reflex2c compilation\компиляторы reflex to c\old versions\r2c_initial - копия\r2c_initial\debug\subl86.obj
d:\liakh tanya\dissertation\complex\reflex2c compilation\компиляторы reflex to c\old versions\r2c_initial - копия\r2c_initial\debug\cl.command.1.tlog
d:\liakh tanya\dissertation\complex\reflex2c compilation\компиляторы reflex to c\old versions\r2c_initial - копия\r2c_initial\debug\cl.read.1.tlog
d:\liakh tanya\dissertation\complex\reflex2c compilation\компиляторы reflex to c\old versions\r2c_initial - копия\r2c_initial\debug\cl.write.1.tlog
d:\liakh tanya\dissertation\complex\reflex2c compilation\компиляторы reflex to c\old versions\r2c_initial - копия\r2c_initial\debug\link.command.1.tlog
d:\liakh tanya\dissertation\complex\reflex2c compilation\компиляторы reflex to c\old versions\r2c_initial - копия\r2c_initial\debug\link.read.1.tlog
d:\liakh tanya\dissertation\complex\reflex2c compilation\компиляторы reflex to c\old versions\r2c_initial - копия\r2c_initial\debug\link.write.1.tlog
d:\liakh tanya\dissertation\complex\reflex2c compilation\компиляторы reflex to c\old versions\r2c_initial - копия\r2c_initial\debug\mt.command.1.tlog
d:\liakh tanya\dissertation\complex\reflex2c compilation\компиляторы reflex to c\old versions\r2c_initial - копия\r2c_initial\debug\mt.read.1.tlog
d:\liakh tanya\dissertation\complex\reflex2c compilation\компиляторы reflex to c\old versions\r2c_initial - копия\r2c_initial\debug\mt.write.1.tlog
d:\liakh tanya\dissertation\complex\reflex2c compilation\компиляторы reflex to c\old versions\r2c_initial - копия\r2c_initial\debug\r2c_initial.write.1.tlog
d:\liakh tanya\dissertation\complex\reflex2c compilation\компиляторы reflex to c\old versions\r2c_initial - копия\r2c_initial\debug\r2c_initial.exe.intermediate.manifest
d:\liakh tanya\dissertation\complex\reflex2c compilation\компиляторы reflex to c\old versions\r2c_initial - копия\r2c_initial\debug\vc100.idb
d:\liakh tanya\dissertation\complex\reflex2c compilation\компиляторы reflex to c\old versions\r2c_initial - копия\r2c_initial\debug\vc100.pdb
d:\liakh tanya\dissertation\complex\reflex2c compilation\компиляторы reflex to c\old versions\r2c_initial - копия\debug\r2c_initial.pdb
d:\liakh tanya\dissertation\complex\reflex2c compilation\компиляторы reflex to c\old versions\r2c_initial - копия\debug\r2c_initial.exe
d:\liakh tanya\dissertation\complex\reflex2c compilation\компиляторы reflex to c\old versions\r2c_initial - копия\debug\r2c_initial.ilk
