C:\Users\HP\Documents\NSU\DIPLOMA WORK\Aspirantura\ASU BSVT\bsvt_REFLEX\SandBox\Debug\SandBox.pdb
C:\USERS\HP\DOCUMENTS\NSU\DIPLOMA WORK\ASPIRANTURA\ASU BSVT\BSVT_REFLEX\SANDBOX\SANDBOX\DEBUG\BSVT_ID.OBJ
C:\USERS\HP\DOCUMENTS\NSU\DIPLOMA WORK\ASPIRANTURA\ASU BSVT\BSVT_REFLEX\SANDBOX\SANDBOX\DEBUG\BSVT0001.OBJ
C:\USERS\HP\DOCUMENTS\NSU\DIPLOMA WORK\ASPIRANTURA\ASU BSVT\BSVT_REFLEX\SANDBOX\SANDBOX\DEBUG\BSVTINP.OBJ
C:\USERS\HP\DOCUMENTS\NSU\DIPLOMA WORK\ASPIRANTURA\ASU BSVT\BSVT_REFLEX\SANDBOX\SANDBOX\DEBUG\BSVTMAIN.OBJ
C:\USERS\HP\DOCUMENTS\NSU\DIPLOMA WORK\ASPIRANTURA\ASU BSVT\BSVT_REFLEX\SANDBOX\SANDBOX\DEBUG\BSVTOUTP.OBJ
C:\USERS\HP\DOCUMENTS\NSU\DIPLOMA WORK\ASPIRANTURA\ASU BSVT\BSVT_REFLEX\SANDBOX\SANDBOX\DEBUG\BSVTUSR1.OBJ
C:\Users\HP\Documents\NSU\DIPLOMA WORK\Aspirantura\ASU BSVT\bsvt_REFLEX\SandBox\SandBox\Debug\cl.command.1.tlog
C:\Users\HP\Documents\NSU\DIPLOMA WORK\Aspirantura\ASU BSVT\bsvt_REFLEX\SandBox\SandBox\Debug\CL.read.1.tlog
C:\Users\HP\Documents\NSU\DIPLOMA WORK\Aspirantura\ASU BSVT\bsvt_REFLEX\SandBox\SandBox\Debug\CL.write.1.tlog
C:\USERS\HP\DOCUMENTS\NSU\DIPLOMA WORK\ASPIRANTURA\ASU BSVT\BSVT_REFLEX\SANDBOX\SANDBOX\DEBUG\DLL_INTERFACE.OBJ
C:\Users\HP\Documents\NSU\DIPLOMA WORK\Aspirantura\ASU BSVT\bsvt_REFLEX\SandBox\SandBox\Debug\link.command.1.tlog
C:\Users\HP\Documents\NSU\DIPLOMA WORK\Aspirantura\ASU BSVT\bsvt_REFLEX\SandBox\SandBox\Debug\link.read.1.tlog
C:\Users\HP\Documents\NSU\DIPLOMA WORK\Aspirantura\ASU BSVT\bsvt_REFLEX\SandBox\SandBox\Debug\link.write.1.tlog
C:\USERS\HP\DOCUMENTS\NSU\DIPLOMA WORK\ASPIRANTURA\ASU BSVT\BSVT_REFLEX\SANDBOX\SANDBOX\DEBUG\MSG_QUEUE.OBJ
C:\USERS\HP\DOCUMENTS\NSU\DIPLOMA WORK\ASPIRANTURA\ASU BSVT\BSVT_REFLEX\SANDBOX\SANDBOX\DEBUG\R_IO.OBJ
C:\USERS\HP\DOCUMENTS\NSU\DIPLOMA WORK\ASPIRANTURA\ASU BSVT\BSVT_REFLEX\SANDBOX\SANDBOX\DEBUG\R_LIB.OBJ
C:\Users\HP\Documents\NSU\DIPLOMA WORK\Aspirantura\ASU BSVT\bsvt_REFLEX\SandBox\SandBox\Debug\SandBox.exe.intermediate.manifest
C:\Users\HP\Documents\NSU\DIPLOMA WORK\Aspirantura\ASU BSVT\bsvt_REFLEX\SandBox\SandBox\Debug\SandBox.write.1.tlog
C:\Users\HP\Documents\NSU\DIPLOMA WORK\Aspirantura\ASU BSVT\bsvt_REFLEX\SandBox\SandBox\Debug\vc100.idb
C:\USERS\HP\DOCUMENTS\NSU\DIPLOMA WORK\ASPIRANTURA\ASU BSVT\BSVT_REFLEX\SANDBOX\SANDBOX\DEBUG\VC100.PDB
